This is pdfTeX, Version 3.141592-1.40.4 (MiKTeX 2.7) (preloaded format=pdflatex 2009.4.28)  12 MAY 2009 16:17
entering extended mode
**Whitepaper.tex
(Whitepaper.tex
LaTeX2e <2005/12/01>
Babel <v3.8h> and hyphenation patterns for english, dumylang, nohyphenation, ge
rman, ngerman, french, loaded.
("C:\Program Files (x86)\MiKTeX 2.7\tex\latex\base\article.cls"
Document Class: article 2005/09/16 v1.4f Standard LaTeX document class
("C:\Program Files (x86)\MiKTeX 2.7\tex\latex\base\size11.clo"
File: size11.clo 2005/09/16 v1.4f Standard LaTeX file (size option)
)
\c@part=\count79
\c@section=\count80
\c@subsection=\count81
\c@subsubsection=\count82
\c@paragraph=\count83
\c@subparagraph=\count84
\c@figure=\count85
\c@table=\count86
\abovecaptionskip=\skip41
\belowcaptionskip=\skip42
\bibindent=\dimen102
)
("C:\Program Files (x86)\MiKTeX 2.7\tex\latex\amsfonts\amssymb.sty"
Package: amssymb 2002/01/22 v2.2d

("C:\Program Files (x86)\MiKTeX 2.7\tex\latex\amsfonts\amsfonts.sty"
Package: amsfonts 2001/10/25 v2.2f
\@emptytoks=\toks14
\symAMSa=\mathgroup4
\symAMSb=\mathgroup5
LaTeX Font Info:    Overwriting math alphabet `\mathfrak' in version `bold'
(Font)                  U/euf/m/n --> U/euf/b/n on input line 132.
))
("C:\Program Files (x86)\MiKTeX 2.7\tex\latex\amsmath\amsmath.sty"
Package: amsmath 2000/07/18 v2.13 AMS math features
\@mathmargin=\skip43

For additional information on amsmath, use the `?' option.
("C:\Program Files (x86)\MiKTeX 2.7\tex\latex\amsmath\amstext.sty"
Package: amstext 2000/06/29 v2.01

("C:\Program Files (x86)\MiKTeX 2.7\tex\latex\amsmath\amsgen.sty"
File: amsgen.sty 1999/11/30 v2.0
\@emptytoks=\toks15
\ex@=\dimen103
))
("C:\Program Files (x86)\MiKTeX 2.7\tex\latex\amsmath\amsbsy.sty"
Package: amsbsy 1999/11/29 v1.2d
\pmbraise@=\dimen104
)
("C:\Program Files (x86)\MiKTeX 2.7\tex\latex\amsmath\amsopn.sty"
Package: amsopn 1999/12/14 v2.01 operator names
)
\inf@bad=\count87
LaTeX Info: Redefining \frac on input line 211.
\uproot@=\count88
\leftroot@=\count89
LaTeX Info: Redefining \overline on input line 307.
\classnum@=\count90
\DOTSCASE@=\count91
LaTeX Info: Redefining \ldots on input line 379.
LaTeX Info: Redefining \dots on input line 382.
LaTeX Info: Redefining \cdots on input line 467.
\Mathstrutbox@=\box26
\strutbox@=\box27
\big@size=\dimen105
LaTeX Font Info:    Redeclaring font encoding OML on input line 567.
LaTeX Font Info:    Redeclaring font encoding OMS on input line 568.
\macc@depth=\count92
\c@MaxMatrixCols=\count93
\dotsspace@=\muskip10
\c@parentequation=\count94
\dspbrk@lvl=\count95
\tag@help=\toks16
\row@=\count96
\column@=\count97
\maxfields@=\count98
\andhelp@=\toks17
\eqnshift@=\dimen106
\alignsep@=\dimen107
\tagshift@=\dimen108
\tagwidth@=\dimen109
\totwidth@=\dimen110
\lineht@=\dimen111
\@envbody=\toks18
\multlinegap=\skip44
\multlinetaggap=\skip45
\mathdisplay@stack=\toks19
LaTeX Info: Redefining \[ on input line 2666.
LaTeX Info: Redefining \] on input line 2667.
)
("C:\Program Files (x86)\MiKTeX 2.7\tex\latex\dstroke\dsfont.sty"
Package: dsfont 1995/08/01 v0.1 Double stroke roman fonts
)
("C:\Program Files (x86)\MiKTeX 2.7\tex\latex\psnfss\times.sty"
Package: times 2005/04/12 PSNFSS-v9.2a (SPQR) 
)
("C:\Program Files (x86)\MiKTeX 2.7\tex\latex\geometry\geometry.sty"
Package: geometry 2002/07/08 v3.2 Page Geometry

("C:\Program Files (x86)\MiKTeX 2.7\tex\latex\graphics\keyval.sty"
Package: keyval 1999/03/16 v1.13 key=value parser (DPC)
\KV@toks@=\toks20
)
\Gm@cnth=\count99
\Gm@cntv=\count100
\c@Gm@tempcnt=\count101
\Gm@bindingoffset=\dimen112
\Gm@wd@mp=\dimen113
\Gm@odd@mp=\dimen114
\Gm@even@mp=\dimen115
\Gm@dimlist=\toks21

("C:\Program Files (x86)\MiKTeX 2.7\tex\latex\geometry\geometry.cfg"))
(Whitepaper.aux)
LaTeX Font Info:    Checking defaults for OML/cmm/m/it on input line 17.
LaTeX Font Info:    ... okay on input line 17.
LaTeX Font Info:    Checking defaults for T1/cmr/m/n on input line 17.
LaTeX Font Info:    ... okay on input line 17.
LaTeX Font Info:    Checking defaults for OT1/cmr/m/n on input line 17.
LaTeX Font Info:    ... okay on input line 17.
LaTeX Font Info:    Checking defaults for OMS/cmsy/m/n on input line 17.
LaTeX Font Info:    ... okay on input line 17.
LaTeX Font Info:    Checking defaults for OMX/cmex/m/n on input line 17.
LaTeX Font Info:    ... okay on input line 17.
LaTeX Font Info:    Checking defaults for U/cmr/m/n on input line 17.
LaTeX Font Info:    ... okay on input line 17.
LaTeX Font Info:    Try loading font information for OT1+ptm on input line 17.
 ("C:\Program Files (x86)\MiKTeX 2.7\tex\latex\psnfss\ot1ptm.fd"
File: ot1ptm.fd 2001/06/04 font definitions for OT1/ptm.
)
-------------------- Geometry parameters
paper: class default
landscape: --
twocolumn: true
twoside: --
asymmetric: --
h-parts: 72.26999pt, 469.75502pt, 72.26999pt
v-parts: 72.26999pt, 686.565pt, 36.135pt
hmarginratio: --
vmarginratio: --
lines: --
heightrounded: --
bindingoffset: 0.0pt
truedimen: --
includehead: --
includefoot: true
includemp: --
driver: pdftex
-------------------- Page layout dimensions and switches
\paperwidth  614.295pt
\paperheight 794.96999pt
\textwidth  469.75502pt
\textheight 656.565pt
\oddsidemargin  0.0pt
\evensidemargin 0.0pt
\topmargin  -37.0pt
\headheight 12.0pt
\headsep    25.0pt
\footskip   30.0pt
\marginparwidth 4.0pt
\marginparsep   10.0pt
\columnsep  10.0pt
\skip\footins  10.0pt plus 4.0pt minus 2.0pt
\hoffset 0.0pt
\voffset 0.0pt
\mag 1000
\@twocolumntrue 
(1in=72.27pt, 1cm=28.45pt)
-----------------------
LaTeX Font Info:    Try loading font information for U+msa on input line 25.
 ("C:\Program Files (x86)\MiKTeX 2.7\tex\latex\amsfonts\umsa.fd"
File: umsa.fd 2002/01/19 v2.2g AMS font definitions
)
LaTeX Font Info:    Try loading font information for U+msb on input line 25.

("C:\Program Files (x86)\MiKTeX 2.7\tex\latex\amsfonts\umsb.fd"
File: umsb.fd 2002/01/19 v2.2g AMS font definitions
)
LaTeX Font Info:    Try loading font information for OT1+pcr on input line 25.

("C:\Program Files (x86)\MiKTeX 2.7\tex\latex\psnfss\ot1pcr.fd"
File: ot1pcr.fd 2001/06/04 font definitions for OT1/pcr.
)
LaTeX Font Info:    Font shape `OT1/ptm/bx/n' in size <10> not available
(Font)              Font shape `OT1/ptm/b/n' tried instead on input line 25.
LaTeX Font Info:    Font shape `OT1/ptm/bx/n' in size <14.4> not available
(Font)              Font shape `OT1/ptm/b/n' tried instead on input line 27.

Underfull \vbox (badness 5064) has occurred while \output is active []

 [1{C:/ProgramData/MiKTeX/2.7/pdftex/config/pdftex.map}


]
LaTeX Font Info:    Font shape `OT1/ptm/bx/n' in size <12> not available
(Font)              Font shape `OT1/ptm/b/n' tried instead on input line 53.

Underfull \hbox (badness 1248) in paragraph at lines 81--82
\OT1/ptm/m/n/10.95 The fre-quency ap-proach builds the term weight
 []


Underfull \hbox (badness 10000) in paragraph at lines 81--82
\OT1/ptm/m/n/10.95 strictly from the nor-mal-ized term fre-quency
 []

[2]
LaTeX Font Info:    Font shape `OT1/ptm/bx/n' in size <10.95> not available
(Font)              Font shape `OT1/ptm/b/n' tried instead on input line 97.

Overfull \hbox (18.64326pt too wide) detected at line 111
\OML/cmm/m/it/10.95 []\OT1/cmr/m/n/10.95 (\OML/cmm/m/it/10.95 t; c\OT1/cmr/m/n
/10.95 ) = []
 []


Underfull \hbox (badness 1024) in paragraph at lines 120--121
\OT1/ptm/m/n/10.95 Using the vec-tor space model, co-sine sim-i-lar-ity
 []


Underfull \hbox (badness 1377) in paragraph at lines 120--121
\OT1/ptm/m/n/10.95 for doc-u-ments $\OML/cmm/m/it/10.95 d[]$ \OT1/ptm/m/n/10.95
 and $\OML/cmm/m/it/10.95 d[]$ \OT1/ptm/m/n/10.95 is de-fined as fol-lows
 []

[3]
LaTeX Font Info:    Try loading font information for U+dsrom on input line 148.

 ("C:\Program Files (x86)\MiKTeX 2.7\tex\latex\dstroke\udsrom.fd"
File: Udsrom.fd 1995/08/01 v0.1 Double stroke roman font definitions
) [4]
Underfull \hbox (badness 1681) in paragraph at lines 176--176
[]\OT1/ptm/b/n/12 Clusting Queries to Re-move Re-dun-
 []


Underfull \vbox (badness 10000) has occurred while \output is active []

 [5]
Underfull \hbox (badness 2285) in paragraph at lines 191--192
\OT1/ptm/m/n/10.95 Class SVMs for Doc-u-ment Clas-si-fi-ca-tion,"
 []


Underfull \hbox (badness 2065) in paragraph at lines 192--193
\OT1/ptm/m/n/10.95 ``Semi-supervised Single-label Text Cat-e-go-
 []


Underfull \hbox (badness 8189) in paragraph at lines 192--193
\OT1/ptm/m/n/10.95 riza-tion us-ing Centroid-based Clas-si-fiers,"
 []


Underfull \hbox (badness 1521) in paragraph at lines 194--195
\OT1/ptm/m/n/10.95 Schuetze, ``In-tro-duc-tion to In-for-ma-tion Re-
 []


Underfull \hbox (badness 1454) in paragraph at lines 200--201
[]\OT1/ptm/m/n/10.95 M. Damashek, ``Gaug-ing Sim-i-lar-ity
 []

[6] (Whitepaper.aux) ) 
Here is how much of TeX's memory you used:
 1601 strings out of 95340
 18608 string characters out of 1184001
 73043 words of memory out of 1500000
 4787 multiletter control sequences out of 110000
 27339 words of font info for 67 fonts, out of 1200000 for 2000
 14 hyphenation exceptions out of 8191
 27i,12n,24p,946b,311s stack positions out of 5000i,500n,10000p,200000b,5000s
{C:/Program Files (x86)/MiKTeX 2.7/fonts/enc/dvips/8r.enc
}<C:/Program Files (x86)/MiKTeX 2.7/fonts/type1/bluesky/cm/cmex10.pfb><C:/Progr
am Files (x86)/MiKTeX 2.7/fonts/type1/bluesky/cm/cmmi10.pfb><C:/Program Files (
x86)/MiKTeX 2.7/fonts/type1/bluesky/cm/cmmi6.pfb><C:/Program Files (x86)/MiKTeX
 2.7/fonts/type1/bluesky/cm/cmmi8.pfb><C:/Program Files (x86)/MiKTeX 2.7/fonts/
type1/bluesky/cm/cmr10.pfb><C:/Program Files (x86)/MiKTeX 2.7/fonts/type1/blues
ky/cm/cmr8.pfb><C:/Program Files (x86)/MiKTeX 2.7/fonts/type1/bluesky/cm/cmsy10
.pfb><C:/Program Files (x86)/MiKTeX 2.7/fonts/type1/bluesky/cm/cmsy8.pfb><C:/Pr
ogram Files (x86)/MiKTeX 2.7/fonts/type1/public/dstroke/dsrom10.pfb><C:/Program
 Files (x86)/MiKTeX 2.7/fonts/type1/urw/courier/ucrr8a.pfb><C:/Program Files (x
86)/MiKTeX 2.7/fonts/type1/urw/times/utmb8a.pfb><C:/Program Files (x86)/MiKTeX 
2.7/fonts/type1/urw/times/utmr8a.pfb><C:/Program Files (x86)/MiKTeX 2.7/fonts/t
ype1/urw/times/utmri8a.pfb>
Output written on Whitepaper.pdf (6 pages, 119107 bytes).
PDF statistics:
 74 PDF objects out of 1000 (max. 8388607)
 0 named destinations out of 1000 (max. 131072)
 1 words of extra memory for PDF output out of 10000 (max. 10000000)

